[    45.67 ] error    3 BadWindow    request    2 minor    0 serial  28138: "BadWindow (invalid Window parameter)"
[    45.67 ] error    3 BadWindow    request    2 minor    0 serial  28176: "BadWindow (invalid Window parameter)"
[    45.67 ] error    3 BadWindow    request    2 minor    0 serial  28220: "BadWindow (invalid Window parameter)"
[    66.62 ] error    3 BadWindow    request   20 minor    0 serial  32718: "BadWindow (invalid Window parameter)"
[   104.91 ] error    3 BadWindow    request    2 minor    0 serial  35938: "BadWindow (invalid Window parameter)"
[   108.59 ] error    3 BadWindow    request    2 minor    0 serial  40487: "BadWindow (invalid Window parameter)"
[   108.59 ] error    3 BadWindow    request    2 minor    0 serial  40525: "BadWindow (invalid Window parameter)"
[   108.59 ] error    3 BadWindow    request    2 minor    0 serial  40569: "BadWindow (invalid Window parameter)"
[   109.83 ] error    3 BadWindow    request    2 minor    0 serial  44859: "BadWindow (invalid Window parameter)"
[   113.23 ] error    3 BadWindow    request    2 minor    0 serial  50477: "BadWindow (invalid Window parameter)"
[   113.23 ] error    3 BadWindow    request   20 minor    0 serial  50479: "BadWindow (invalid Window parameter)"
[   113.23 ] error    3 BadWindow    request   20 minor    0 serial  50480: "BadWindow (invalid Window parameter)"
[   113.23 ] error    3 BadWindow    request   20 minor    0 serial  50481: "BadWindow (invalid Window parameter)"
[   113.23 ] error    3 BadWindow    request   20 minor    0 serial  50482: "BadWindow (invalid Window parameter)"
[   113.23 ] error    3 BadWindow    request   20 minor    0 serial  50483: "BadWindow (invalid Window parameter)"
[   113.23 ] error    3 BadWindow    request   20 minor    0 serial  50484: "BadWindow (invalid Window parameter)"
[   113.23 ] error    3 BadWindow    request   20 minor    0 serial  50495: "BadWindow (invalid Window parameter)"
[   113.23 ] error    3 BadWindow    request    2 minor    0 serial  50498: "BadWindow (invalid Window parameter)"
[   113.23 ] error    3 BadWindow    request   20 minor    0 serial  50500: "BadWindow (invalid Window parameter)"
[   113.23 ] error    3 BadWindow    request   20 minor    0 serial  50501: "BadWindow (invalid Window parameter)"
[   113.23 ] error    3 BadWindow    request   20 minor    0 serial  50502: "BadWindow (invalid Window parameter)"
[   113.23 ] error    3 BadWindow    request   20 minor    0 serial  50503: "BadWindow (invalid Window parameter)"
[   113.23 ] error    3 BadWindow    request   20 minor    0 serial  50504: "BadWindow (invalid Window parameter)"
[   113.23 ] error    3 BadWindow    request   20 minor    0 serial  50505: "BadWindow (invalid Window parameter)"
[   113.23 ] error    3 BadWindow    request   20 minor    0 serial  50516: "BadWindow (invalid Window parameter)"
[   122.65 ] error    3 BadWindow    request    2 minor    0 serial  59838: "BadWindow (invalid Window parameter)"
[   138.18 ] error    3 BadWindow    request    2 minor    0 serial  74030: "BadWindow (invalid Window parameter)"
[   138.18 ] error    3 BadWindow    request   20 minor    0 serial  74032: "BadWindow (invalid Window parameter)"
[   138.18 ] error    3 BadWindow    request   20 minor    0 serial  74033: "BadWindow (invalid Window parameter)"
[   138.18 ] error    3 BadWindow    request   20 minor    0 serial  74034: "BadWindow (invalid Window parameter)"
[   138.18 ] error    3 BadWindow    request   20 minor    0 serial  74035: "BadWindow (invalid Window parameter)"
[   138.18 ] error    3 BadWindow    request   20 minor    0 serial  74036: "BadWindow (invalid Window parameter)"
[   138.18 ] error    3 BadWindow    request   20 minor    0 serial  74037: "BadWindow (invalid Window parameter)"
[   138.19 ] error    3 BadWindow    request   20 minor    0 serial  74048: "BadWindow (invalid Window parameter)"
[   138.19 ] error    3 BadWindow    request    2 minor    0 serial  74057: "BadWindow (invalid Window parameter)"
[   138.19 ] error    3 BadWindow    request   20 minor    0 serial  74059: "BadWindow (invalid Window parameter)"
[   138.19 ] error    3 BadWindow    request   20 minor    0 serial  74060: "BadWindow (invalid Window parameter)"
[   138.19 ] error    3 BadWindow    request   20 minor    0 serial  74061: "BadWindow (invalid Window parameter)"
[   138.19 ] error    3 BadWindow    request   20 minor    0 serial  74062: "BadWindow (invalid Window parameter)"
[   138.19 ] error    3 BadWindow    request   20 minor    0 serial  74063: "BadWindow (invalid Window parameter)"
[   138.19 ] error    3 BadWindow    request   20 minor    0 serial  74064: "BadWindow (invalid Window parameter)"
[   138.19 ] error    3 BadWindow    request   20 minor    0 serial  74075: "BadWindow (invalid Window parameter)"
[   139.17 ] error    3 BadWindow    request    2 minor    0 serial  77159: "BadWindow (invalid Window parameter)"
[   139.17 ] error    3 BadWindow    request   20 minor    0 serial  77161: "BadWindow (invalid Window parameter)"
[   139.17 ] error    3 BadWindow    request   20 minor    0 serial  77162: "BadWindow (invalid Window parameter)"
[   139.17 ] error    3 BadWindow    request   20 minor    0 serial  77163: "BadWindow (invalid Window parameter)"
[   139.17 ] error    3 BadWindow    request   20 minor    0 serial  77164: "BadWindow (invalid Window parameter)"
[   139.17 ] error    3 BadWindow    request   20 minor    0 serial  77165: "BadWindow (invalid Window parameter)"
[   139.17 ] error    3 BadWindow    request   20 minor    0 serial  77166: "BadWindow (invalid Window parameter)"
[   139.17 ] error    3 BadWindow    request   20 minor    0 serial  77172: "BadWindow (invalid Window parameter)"
[   139.17 ] error    3 BadWindow    request    2 minor    0 serial  77180: "BadWindow (invalid Window parameter)"
[   139.17 ] error    3 BadWindow    request   20 minor    0 serial  77182: "BadWindow (invalid Window parameter)"
[   139.17 ] error    3 BadWindow    request   20 minor    0 serial  77183: "BadWindow (invalid Window parameter)"
[   139.17 ] error    3 BadWindow    request   20 minor    0 serial  77184: "BadWindow (invalid Window parameter)"
[   139.17 ] error    3 BadWindow    request   20 minor    0 serial  77185: "BadWindow (invalid Window parameter)"
[   139.17 ] error    3 BadWindow    request   20 minor    0 serial  77186: "BadWindow (invalid Window parameter)"
[   139.17 ] error    3 BadWindow    request   20 minor    0 serial  77187: "BadWindow (invalid Window parameter)"
[   139.17 ] error    3 BadWindow    request   20 minor    0 serial  77198: "BadWindow (invalid Window parameter)"
[   151.04 ] error    3 BadWindow    request    2 minor    0 serial  85505: "BadWindow (invalid Window parameter)"
[   170.55 ] error    3 BadWindow    request    2 minor    0 serial  90998: "BadWindow (invalid Window parameter)"
[   170.55 ] error    3 BadWindow    request    2 minor    0 serial  91036: "BadWindow (invalid Window parameter)"
[   170.55 ] error    3 BadWindow    request    2 minor    0 serial  91080: "BadWindow (invalid Window parameter)"
[   170.55 ] error    3 BadWindow    request    2 minor    0 serial  91106: "BadWindow (invalid Window parameter)"
[   171.77 ] error    3 BadWindow    request    2 minor    0 serial  94389: "BadWindow (invalid Window parameter)"
[   190.31 ] error    3 BadWindow    request    2 minor    0 serial 118103: "BadWindow (invalid Window parameter)"
[   190.31 ] error    3 BadWindow    request   20 minor    0 serial 118105: "BadWindow (invalid Window parameter)"
[   190.31 ] error    3 BadWindow    request   20 minor    0 serial 118106: "BadWindow (invalid Window parameter)"
[   190.31 ] error    3 BadWindow    request   20 minor    0 serial 118107: "BadWindow (invalid Window parameter)"
[   190.31 ] error    3 BadWindow    request   20 minor    0 serial 118108: "BadWindow (invalid Window parameter)"
[   190.31 ] error    3 BadWindow    request   20 minor    0 serial 118109: "BadWindow (invalid Window parameter)"
[   190.31 ] error    3 BadWindow    request   20 minor    0 serial 118110: "BadWindow (invalid Window parameter)"
[   190.31 ] error    3 BadWindow    request   20 minor    0 serial 118121: "BadWindow (invalid Window parameter)"
[   190.31 ] error    3 BadWindow    request    2 minor    0 serial 118124: "BadWindow (invalid Window parameter)"
[   190.31 ] error    3 BadWindow    request   20 minor    0 serial 118126: "BadWindow (invalid Window parameter)"
[   190.31 ] error    3 BadWindow    request   20 minor    0 serial 118127: "BadWindow (invalid Window parameter)"
[   190.31 ] error    3 BadWindow    request   20 minor    0 serial 118128: "BadWindow (invalid Window parameter)"
[   190.31 ] error    3 BadWindow    request   20 minor    0 serial 118129: "BadWindow (invalid Window parameter)"
[   190.31 ] error    3 BadWindow    request   20 minor    0 serial 118130: "BadWindow (invalid Window parameter)"
[   190.31 ] error    3 BadWindow    request   20 minor    0 serial 118131: "BadWindow (invalid Window parameter)"
[   190.31 ] error    3 BadWindow    request   20 minor    0 serial 118142: "BadWindow (invalid Window parameter)"
[   227.02 ] error    3 BadWindow    request    2 minor    0 serial 136912: "BadWindow (invalid Window parameter)"
[   227.02 ] error    3 BadWindow    request   20 minor    0 serial 136914: "BadWindow (invalid Window parameter)"
[   227.02 ] error    3 BadWindow    request   20 minor    0 serial 136915: "BadWindow (invalid Window parameter)"
[   227.02 ] error    3 BadWindow    request   20 minor    0 serial 136916: "BadWindow (invalid Window parameter)"
[   227.02 ] error    3 BadWindow    request   20 minor    0 serial 136917: "BadWindow (invalid Window parameter)"
[   227.02 ] error    3 BadWindow    request   20 minor    0 serial 136918: "BadWindow (invalid Window parameter)"
[   227.02 ] error    3 BadWindow    request   20 minor    0 serial 136919: "BadWindow (invalid Window parameter)"
[   227.02 ] error    3 BadWindow    request   20 minor    0 serial 136930: "BadWindow (invalid Window parameter)"
[   227.02 ] error    3 BadWindow    request    2 minor    0 serial 136933: "BadWindow (invalid Window parameter)"
[   227.02 ] error    3 BadWindow    request   20 minor    0 serial 136935: "BadWindow (invalid Window parameter)"
[   227.02 ] error    3 BadWindow    request   20 minor    0 serial 136936: "BadWindow (invalid Window parameter)"
[   227.02 ] error    3 BadWindow    request   20 minor    0 serial 136937: "BadWindow (invalid Window parameter)"
[   227.02 ] error    3 BadWindow    request   20 minor    0 serial 136938: "BadWindow (invalid Window parameter)"
[   227.02 ] error    3 BadWindow    request   20 minor    0 serial 136939: "BadWindow (invalid Window parameter)"
[   227.02 ] error    3 BadWindow    request   20 minor    0 serial 136940: "BadWindow (invalid Window parameter)"
[   227.02 ] error    3 BadWindow    request   20 minor    0 serial 136951: "BadWindow (invalid Window parameter)"
[   268.32 ] error    3 BadWindow    request    2 minor    0 serial 150452: "BadWindow (invalid Window parameter)"
[   268.32 ] error    3 BadWindow    request   20 minor    0 serial 150454: "BadWindow (invalid Window parameter)"
[   268.32 ] error    3 BadWindow    request   20 minor    0 serial 150455: "BadWindow (invalid Window parameter)"
[   268.32 ] error    3 BadWindow    request   20 minor    0 serial 150456: "BadWindow (invalid Window parameter)"
[   268.32 ] error    3 BadWindow    request   20 minor    0 serial 150457: "BadWindow (invalid Window parameter)"
[   268.32 ] error    3 BadWindow    request   20 minor    0 serial 150458: "BadWindow (invalid Window parameter)"
[   268.32 ] error    3 BadWindow    request   20 minor    0 serial 150459: "BadWindow (invalid Window parameter)"
[   268.32 ] error    3 BadWindow    request   20 minor    0 serial 150470: "BadWindow (invalid Window parameter)"
[   268.32 ] error    3 BadWindow    request    2 minor    0 serial 150473: "BadWindow (invalid Window parameter)"
[   268.32 ] error    3 BadWindow    request   20 minor    0 serial 150475: "BadWindow (invalid Window parameter)"
[   268.32 ] error    3 BadWindow    request   20 minor    0 serial 150476: "BadWindow (invalid Window parameter)"
[   268.32 ] error    3 BadWindow    request   20 minor    0 serial 150477: "BadWindow (invalid Window parameter)"
[   268.33 ] error    3 BadWindow    request   20 minor    0 serial 150478: "BadWindow (invalid Window parameter)"
[   268.33 ] error    3 BadWindow    request   20 minor    0 serial 150479: "BadWindow (invalid Window parameter)"
[   268.33 ] error    3 BadWindow    request   20 minor    0 serial 150480: "BadWindow (invalid Window parameter)"
[   268.33 ] error    3 BadWindow    request   20 minor    0 serial 150491: "BadWindow (invalid Window parameter)"
[   279.04 ] error    3 BadWindow    request    2 minor    0 serial 161642: "BadWindow (invalid Window parameter)"
[   279.04 ] error    3 BadWindow    request   20 minor    0 serial 161644: "BadWindow (invalid Window parameter)"
[   279.04 ] error    3 BadWindow    request   20 minor    0 serial 161645: "BadWindow (invalid Window parameter)"
[   279.04 ] error    3 BadWindow    request   20 minor    0 serial 161646: "BadWindow (invalid Window parameter)"
[   279.04 ] error    3 BadWindow    request   20 minor    0 serial 161647: "BadWindow (invalid Window parameter)"
[   279.04 ] error    3 BadWindow    request   20 minor    0 serial 161648: "BadWindow (invalid Window parameter)"
[   279.04 ] error    3 BadWindow    request   20 minor    0 serial 161649: "BadWindow (invalid Window parameter)"
[   279.04 ] error    3 BadWindow    request   20 minor    0 serial 161660: "BadWindow (invalid Window parameter)"
[   279.04 ] error    3 BadWindow    request    2 minor    0 serial 161663: "BadWindow (invalid Window parameter)"
[   279.04 ] error    3 BadWindow    request   20 minor    0 serial 161665: "BadWindow (invalid Window parameter)"
[   279.04 ] error    3 BadWindow    request   20 minor    0 serial 161666: "BadWindow (invalid Window parameter)"
[   279.04 ] error    3 BadWindow    request   20 minor    0 serial 161667: "BadWindow (invalid Window parameter)"
[   279.04 ] error    3 BadWindow    request   20 minor    0 serial 161668: "BadWindow (invalid Window parameter)"
[   279.04 ] error    3 BadWindow    request   20 minor    0 serial 161669: "BadWindow (invalid Window parameter)"
[   279.04 ] error    3 BadWindow    request   20 minor    0 serial 161670: "BadWindow (invalid Window parameter)"
[   279.04 ] error    3 BadWindow    request   20 minor    0 serial 161681: "BadWindow (invalid Window parameter)"
[   284.69 ] error    3 BadWindow    request    2 minor    0 serial 165021: "BadWindow (invalid Window parameter)"
[   284.69 ] error    3 BadWindow    request   20 minor    0 serial 165023: "BadWindow (invalid Window parameter)"
[   284.69 ] error    3 BadWindow    request   20 minor    0 serial 165024: "BadWindow (invalid Window parameter)"
[   284.69 ] error    3 BadWindow    request   20 minor    0 serial 165025: "BadWindow (invalid Window parameter)"
[   284.69 ] error    3 BadWindow    request   20 minor    0 serial 165026: "BadWindow (invalid Window parameter)"
[   284.69 ] error    3 BadWindow    request   20 minor    0 serial 165027: "BadWindow (invalid Window parameter)"
[   284.69 ] error    3 BadWindow    request   20 minor    0 serial 165028: "BadWindow (invalid Window parameter)"
[   284.69 ] error    3 BadWindow    request   20 minor    0 serial 165039: "BadWindow (invalid Window parameter)"
[   284.69 ] error    3 BadWindow    request    2 minor    0 serial 165042: "BadWindow (invalid Window parameter)"
[   284.69 ] error    3 BadWindow    request   20 minor    0 serial 165044: "BadWindow (invalid Window parameter)"
[   284.69 ] error    3 BadWindow    request   20 minor    0 serial 165045: "BadWindow (invalid Window parameter)"
[   284.69 ] error    3 BadWindow    request   20 minor    0 serial 165046: "BadWindow (invalid Window parameter)"
[   284.69 ] error    3 BadWindow    request   20 minor    0 serial 165047: "BadWindow (invalid Window parameter)"
[   284.69 ] error    3 BadWindow    request   20 minor    0 serial 165048: "BadWindow (invalid Window parameter)"
[   284.69 ] error    3 BadWindow    request   20 minoXIO:  fatal IO error 11 (Recurso temporariamente indisponível) on X server ":0"
      after 179036 requests (179036 known processed) with 28 events remaining.
r    0 serial 165049: "BadWindow (invalid Window parameter)"
[   284.69 ] error    3 BadWindow    request   20 minor    0 serial 165060: "BadWindow (invalid Window parameter)"
[   307.09 ] error    3 BadWindow    request    2 minor    0 serial 170905: "BadWindow (invalid Window parameter)"
[   307.09 ] error    3 BadWindow    request   20 minor    0 serial 170907: "BadWindow (invalid Window parameter)"
[   307.09 ] error    3 BadWindow    request   20 minor    0 serial 170908: "BadWindow (invalid Window parameter)"
[   307.09 ] error    3 BadWindow    request   20 minor    0 serial 170909: "BadWindow (invalid Window parameter)"
[   307.09 ] error    3 BadWindow    request   20 minor    0 serial 170910: "BadWindow (invalid Window parameter)"
[   307.09 ] error    3 BadWindow    request   20 minor    0 serial 170911: "BadWindow (invalid Window parameter)"
[   307.09 ] error    3 BadWindow    request   20 minor    0 serial 170912: "BadWindow (invalid Window parameter)"
[   307.09 ] error    3 BadWindow    request   20 minor    0 serial 170923: "BadWindow (invalid Window parameter)"
[   307.09 ] error    3 BadWindow    request    2 minor    0 serial 170926: "BadWindow (invalid Window parameter)"
[   307.09 ] error    3 BadWindow    request   20 minor    0 serial 170928: "BadWindow (invalid Window parameter)"
[   307.09 ] error    3 BadWindow    request   20 minor    0 serial 170929: "BadWindow (invalid Window parameter)"
[   307.09 ] error    3 BadWindow    request   20 minor    0 serial 170930: "BadWindow (invalid Window parameter)"
[   307.09 ] error    3 BadWindow    request   20 minor    0 serial 170931: "BadWindow (invalid Window parameter)"
[   307.09 ] error    3 BadWindow    request   20 minor    0 serial 170932: "BadWindow (invalid Window parameter)"
[   307.09 ] error    3 BadWindow    request   20 minor    0 serial 170933: "BadWindow (invalid Window parameter)"
[   307.09 ] error    3 BadWindow    request   20 minor    0 serial 170944: "BadWindow (invalid Window parameter)"
XIO:  fatal IO error 11 (Recurso temporariamente indisponível) on X server ":0"
      after 1093098 requests (1093098 known processed) with 1 events remaining.
[     2.99 ] error    3 BadWindow    request    2 minor    0 serial   2711: "BadWindow (invalid Window parameter)"
[    12.23 ] error    3 BadWindow    request    2 minor    0 serial   6095: "BadWindow (invalid Window parameter)"
[   212.16 ] error    3 BadWindow    request    2 minor    0 serial  25121: "BadWindow (invalid Window parameter)"
[   213.69 ] error    3 BadWindow    request    2 minor    0 serial  30396: "BadWindow (invalid Window parameter)"
[   357.85 ] error    3 BadWindow    request    2 minor    0 serial  66981: "BadWindow (invalid Window parameter)"
[  2235.98 ] error    3 BadWindow    request    2 minor    0 serial 648875: "BadWindow (invalid Window parameter)"
[  2663.70 ] error    3 BadWindow    request    2 minor    0 serial 849625: "BadWindow (invalid Window parameter)"
